<?xml version="1.0" encoding="UTF-8"?>
<!-- Generated by org.testng.reporters.JUnitXMLReporter -->
<testsuite hostname="VISHAL" ignored="0" name="Default test" tests="3" failures="0" timestamp="2020-05-18T20:48:24 IST" time="276.301" errors="0">
  <testcase name="clickLoginButton" time="2.299" classname="Example.ExampleTest.DispalyTest"/>
  <testcase name="elementDispaly" time="1.676" classname="Example.ExampleTest.DispalyTest"/>
  <testcase name="toVerifySingninDispaly" time="253.632" classname="Example.ExampleTest.DispalyTest"/>
</testsuite> <!-- Default test -->
