<?xml version="1.0" encoding="UTF-8"?>
<testng-results skipped="0" failed="0" ignored="0" total="3" passed="3">
  <reporter-output>
  </reporter-output>
  <suite name="Default suite" duration-ms="276301" started-at="2020-05-18T20:43:47 IST" finished-at="2020-05-18T20:48:24 IST">
    <groups>
    </groups>
    <test name="Default test" duration-ms="276301" started-at="2020-05-18T20:43:47 IST" finished-at="2020-05-18T20:48:24 IST">
      <class name="Example.ExampleTest.DispalyTest">
        <test-method status="PASS" signature="initilize()[pri:0, instance:Example.ExampleTest.DispalyTest@682b2fa]" name="initilize" is-config="true" duration-ms="18084" started-at="2020-05-18T20:43:47 IST" finished-at="2020-05-18T20:44:06 IST">
          <reporter-output>
          </reporter-output>
        </test-method> <!-- initilize -->
        <test-method status="PASS" signature="clickLoginButton()[pri:0, instance:Example.ExampleTest.DispalyTest@682b2fa]" name="clickLoginButton" duration-ms="2299" started-at="2020-05-18T20:44:06 IST" finished-at="2020-05-18T20:44:08 IST">
          <reporter-output>
          </reporter-output>
        </test-method> <!-- clickLoginButton -->
        <test-method status="PASS" signature="elementDispaly()[pri:0, instance:Example.ExampleTest.DispalyTest@682b2fa]" name="elementDispaly" duration-ms="1676" started-at="2020-05-18T20:44:08 IST" finished-at="2020-05-18T20:44:10 IST">
          <reporter-output>
          </reporter-output>
        </test-method> <!-- elementDispaly -->
        <test-method status="PASS" signature="toVerifySingninDispaly()[pri:0, instance:Example.ExampleTest.DispalyTest@682b2fa]" name="toVerifySingninDispaly" duration-ms="253632" started-at="2020-05-18T20:44:10 IST" finished-at="2020-05-18T20:48:23 IST">
          <reporter-output>
          </reporter-output>
        </test-method> <!-- toVerifySingninDispaly -->
        <test-method status="PASS" signature="quit()[pri:0, instance:Example.ExampleTest.DispalyTest@682b2fa]" name="quit" is-config="true" duration-ms="488" started-at="2020-05-18T20:48:23 IST" finished-at="2020-05-18T20:48:24 IST">
          <reporter-output>
          </reporter-output>
        </test-method> <!-- quit -->
      </class> <!-- Example.ExampleTest.DispalyTest -->
    </test> <!-- Default test -->
  </suite> <!-- Default suite -->
</testng-results>
